[line: 1, char: 0-5] пусть
[line: 1, char: 6-9] рек
[line: 1, char: 10-19] имя факториал
[line: 1, char: 20-23] имя икс
[line: 1, char: 24-25] равно
[line: 2, char: 28-32] если
[line: 2, char: 33-36] имя икс
[line: 2, char: 37-38] оператор <
[line: 2, char: 39-40] целое число 2
[line: 2, char: 41-46] имя тогда
[line: 2, char: 47-48] целое число 1
[line: 2, char: 49-54] иначе
[line: 2, char: 55-64] имя факториал
[line: 2, char: 65-66] скобка {
[line: 2, char: 66-69] имя икс
[line: 2, char: 70-71] оператор -
[line: 2, char: 72-73] целое число 1
[line: 2, char: 73-74] скобка }
[line: 2, char: 75-76] оператор *
[line: 2, char: 77-80] имя икс
[line: 4, char: 82-87] пусть
[line: 4, char: 88-91] рек
[line: 4, char: 92-101] имя фибоначчи
[line: 4, char: 102-105] имя икс
[line: 4, char: 106-107] равно
[line: 5, char: 110-114] если
[line: 5, char: 115-118] имя икс
[line: 5, char: 119-120] оператор <
[line: 5, char: 121-122] целое число 3
[line: 5, char: 123-128] имя тогда
[line: 5, char: 129-130] целое число 1
[line: 6, char: 133-138] иначе
[line: 6, char: 139-148] имя фибоначчи
[line: 6, char: 149-150] скобка {
[line: 6, char: 150-153] имя икс
[line: 6, char: 154-155] оператор -
[line: 6, char: 156-157] целое число 1
[line: 6, char: 157-158] скобка }
[line: 6, char: 159-160] оператор +
[line: 6, char: 161-170] имя фибоначчи
[line: 6, char: 171-172] скобка {
[line: 6, char: 172-175] имя икс
[line: 6, char: 176-177] оператор -
[line: 6, char: 178-179] целое число 2
[line: 6, char: 179-180] скобка }
[line: 8, char: 182-187] пусть
[line: 8, char: 188-191] рек
[line: 8, char: 192-202] имя композиция
[line: 8, char: 203-205] имя эф
[line: 8, char: 206-208] имя гэ
[line: 8, char: 209-212] имя икс
[line: 8, char: 213-214] равно
[line: 9, char: 217-219] имя гэ
[line: 9, char: 220-221] скобка {
[line: 9, char: 221-223] имя эф
[line: 9, char: 224-227] имя икс
[line: 9, char: 227-228] скобка }
[line: 11, char: 230-235] пусть
[line: 11, char: 236-238] юнит
[line: 11, char: 239-240] равно
[line: 12, char: 243-248] пусть
[line: 12, char: 249-251] юнит
[line: 12, char: 252-253] равно
[line: 12, char: 254-264] имя напечатать
[line: 12, char: 265-274] строчка "Скибиди"
[line: 12, char: 275-276] в
[line: 13, char: 279-284] пусть
[line: 13, char: 285-287] юнит
[line: 13, char: 288-289] равно
[line: 13, char: 290-300] имя напечатать
[line: 13, char: 301-303] оператор @@
[line: 13, char: 304-319] имя строка_из_числа
[line: 13, char: 320-321] скобка {
[line: 13, char: 321-330] имя фибоначчи
[line: 13, char: 331-332] целое число 9
[line: 13, char: 332-333] скобка }
[line: 13, char: 334-335] в
[line: 14, char: 338-343] пусть
[line: 14, char: 344-346] юнит
[line: 14, char: 347-357] имя напечатать
[line: 14, char: 358-360] оператор @@
[line: 14, char: 361-376] имя строка_из_числа
[line: 14, char: 377-378] скобка {
[line: 14, char: 378-387] имя факториал
[line: 14, char: 388-390] целое число 10
[line: 14, char: 390-391] скобка }
[line: 14, char: 392-393] в
[line: 15, char: 396-401] пусть
[line: 15, char: 402-421] имя факториал_фибоначчи
[line: 15, char: 422-423] равно
[line: 15, char: 424-434] имя композиция
[line: 15, char: 435-444] имя факториал
[line: 15, char: 445-454] имя фибоначчи
[line: 15, char: 455-456] в
[line: 16, char: 459-464] пусть
[line: 16, char: 465-474] имя результат
[line: 16, char: 475-476] равно
[line: 16, char: 477-496] имя факториал_фибоначчи
[line: 16, char: 497-498] целое число 5
[line: 16, char: 499-500] в
[line: 17, char: 503-512] имя результат
[line: 17, char: 513-515] оператор |>
[line: 17, char: 516-531] имя строка_из_числа
[line: 17, char: 532-534] оператор |>
[line: 17, char: 535-545] имя напечатать